<?xml version="1.0" encoding="UTF-8"?>
<testng-results skipped="0" failed="0" ignored="0" total="1" passed="1">
  <reporter-output>
  </reporter-output>
  <suite name="Default suite" duration-ms="239" started-at="2023-02-11T22:38:41Z" finished-at="2023-02-11T22:38:41Z">
    <groups>
    </groups>
    <test name="Default test" duration-ms="239" started-at="2023-02-11T22:38:41Z" finished-at="2023-02-11T22:38:41Z">
      <class name="testCases.Test2">
        <test-method status="PASS" signature="init()[pri:0, instance:testCases.Test2@4cc0edeb]" name="init" is-config="true" duration-ms="5782" started-at="2023-02-11T17:38:35Z" finished-at="2023-02-11T17:38:41Z">
          <reporter-output>
          </reporter-output>
        </test-method> <!-- init -->
        <test-method status="PASS" signature="validateListItms()[pri:0, instance:testCases.Test2@4cc0edeb]" name="validateListItms" duration-ms="181" started-at="2023-02-11T17:38:41Z" finished-at="2023-02-11T17:38:41Z">
          <reporter-output>
          </reporter-output>
        </test-method> <!-- validateListItms -->
        <test-method status="PASS" signature="tearDown()[pri:0, instance:testCases.Test2@4cc0edeb]" name="tearDown" is-config="true" duration-ms="1128" started-at="2023-02-11T17:38:41Z" finished-at="2023-02-11T17:38:42Z">
          <reporter-output>
          </reporter-output>
        </test-method> <!-- tearDown -->
      </class> <!-- testCases.Test2 -->
    </test> <!-- Default test -->
  </suite> <!-- Default suite -->
</testng-results>
